<?xml version="1.0" encoding="UTF-8"?>
<!-- Generated by org.testng.reporters.JUnitReportReporter -->
<testsuite hostname="LTIN521911" failures="0" tests="5" name="MiniProj.FlipkartM" time="17.813" errors="0" timestamp="2025-01-16T09:38:28 IST" skipped="0">
  <testcase classname="MiniProj.FlipkartM" name="test_enteringSearchValue" time="6.034"/>
  <system-out/>
  <testcase classname="MiniProj.FlipkartM" name="test_cartForFirstItem" time="5.214"/>
  <system-out/>
  <testcase classname="MiniProj.FlipkartM" name="test_cartForSecondItem" time="6.507"/>
  <system-out/>
  <testcase classname="MiniProj.FlipkartM" name="test_totalPrice" time="0.054"/>
  <system-out/>
  <testcase classname="MiniProj.FlipkartM" name="validation" time="0.004"/>
  <system-out/>
</testsuite> <!-- MiniProj.FlipkartM -->
